#
# There is insufficient memory for the Java Runtime Environment to continue.
# Native memory allocation (mmap) failed to map 197132288 bytes for G1 virtual space
# Possible reasons:
#   The system is out of physical RAM or swap space
#   The process is running with CompressedOops enabled, and the Java Heap may be blocking the growth of the native heap
# Possible solutions:
#   Reduce memory load on the system
#   Increase physical memory or swap space
#   Check if swap backing store is full
#   Decrease Java heap size (-Xmx/-Xms)
#   Decrease number of Java threads
#   Decrease Java thread stack sizes (-Xss)
#   Set larger code cache with -XX:ReservedCodeCacheSize=
#   JVM is running with Zero Based Compressed Oops mode in which the Java heap is
#     placed in the first 32GB address space. The Java Heap base address is the
#     maximum limit for the native heap growth. Please use -XX:HeapBaseMinAddress
#     to set the Java Heap base and to place the Java Heap above 32GB virtual address.
# This output file may be truncated or incomplete.
#
#  Out of Memory Error (os_windows.cpp:3550), pid=14668, tid=13720
#
# JRE version:  (17.0.7+8) (build )
# Java VM: Java HotSpot(TM) 64-Bit Server VM (17.0.7+8-LTS-224, mixed mode, sharing, tiered, compressed oops, compressed class ptrs, g1 gc, windows-amd64)
# No core dump will be written. Minidumps are not enabled by default on client versions of Windows
#

---------------  S U M M A R Y ------------

Command Line: -javaagent:C:\Program Files\JetBrains\IntelliJ IDEA Community Edition 2023.1.1\lib\idea_rt.jar=51994:C:\Program Files\JetBrains\IntelliJ IDEA Community Edition 2023.1.1\bin -Dfile.encoding=UTF-8 main.MainClass

Host: 11th Gen Intel(R) Core(TM) i7-1165G7 @ 2.80GHz, 8 cores, 11G,  Windows 10 , 64 bit Build 19041 (10.0.19041.2913)
Time: Mon May 15 17:15:08 2023 SA Pacific Standard Time elapsed time: 0.007800 seconds (0d 0h 0m 0s)

---------------  T H R E A D  ---------------

Current thread (0x000001fd686de900):  JavaThread "Unknown thread" [_thread_in_vm, id=13720, stack(0x0000000f9d900000,0x0000000f9da00000)]

Stack: [0x0000000f9d900000,0x0000000f9da00000]
Native frames: (J=compiled Java code, j=interpreted, Vv=VM code, C=native code)
V  [jvm.dll+0x676a4a]
V  [jvm.dll+0x7d74f4]
V  [jvm.dll+0x7d8c9e]
V  [jvm.dll+0x7d9303]
V  [jvm.dll+0x2452c5]
V  [jvm.dll+0x6738f9]
V  [jvm.dll+0x668232]
V  [jvm.dll+0x302826]
V  [jvm.dll+0x309da6]
V  [jvm.dll+0x35952e]
V  [jvm.dll+0x35975f]
V  [jvm.dll+0x2d9a38]
V  [jvm.dll+0x2da9a4]
V  [jvm.dll+0x7a8fb1]
V  [jvm.dll+0x3670e1]
V  [jvm.dll+0x788359]
V  [jvm.dll+0x3ea5ef]
V  [jvm.dll+0x3ec071]
C  [jli.dll+0x5297]
C  [ucrtbase.dll+0x21bb2]
C  [KERNEL32.DLL+0x17614]
C  [ntdll.dll+0x526a1]


---------------  P R O C E S S  ---------------

Threads class SMR info:
_java_thread_list=0x00007ffe2a3e4998, length=0, elements={
}

Java Threads: ( => current thread )

Other Threads:
  0x000001fd68735d30 GCTaskThread "GC Thread#0" [stack: 0x0000000f9da00000,0x0000000f9db00000] [id=288]
  0x000001fd687436d0 ConcurrentGCThread "G1 main.MainClass Marker" [stack: 0x0000000f9db00000,0x0000000f9dc00000] [id=13128]
  0x000001fd68743ff0 ConcurrentGCThread "G1 Conc#0" [stack: 0x0000000f9dc00000,0x0000000f9dd00000] [id=11352]

[error occurred during error reporting (printing all threads), id 0xc0000005, EXCEPTION_ACCESS_VIOLATION (0xc0000005) at pc=0x00007ffe29c1a697]

VM state: not at safepoint (not fully initialized)

VM Mutex/Monitor currently owned by a thread:  ([mutex/lock_event])
[0x000001fd686da330] Heap_lock - owner thread: 0x000001fd686de900

Heap address: 0x0000000744c00000, size: 2996 MB, Compressed Oops mode: Zero based, Oop shift amount: 3

CDS archive(s) mapped at: [0x0000000000000000-0x0000000000000000-0x0000000000000000), size 0, SharedBaseAddress: 0x0000000800000000, ArchiveRelocationMode: 0.
Narrow klass base: 0x0000000000000000, Narrow klass shift: 0, Narrow klass range: 0x0

GC Precious Log:
<Empty>

Heap:
 garbage-first heap   total 0K, used 0K [0x0000000744c00000, 0x0000000800000000)
  region size 2048K, 0 young (0K), 0 survivors (0K)

[error occurred during error reporting (printing heap information), id 0xc0000005, EXCEPTION_ACCESS_VIOLATION (0xc0000005) at pc=0x00007ffe2a0000b9]

GC Heap History (0 events):
No events

Deoptimization events (0 events):
No events

Classes unloaded (0 events):
No events

Classes redefined (0 events):
No events

Internal exceptions (0 events):
No events

VM Operations (0 events):
No events

Events (1 events):
Event: 0.004 Loaded shared library C:\Program Files\Java\jdk-17\bin\java.dll


Dynamic libraries:
0x00007ff7a27c0000 - 0x00007ff7a27d0000 	C:\Program Files\Java\jdk-17\bin\java.exe
0x00007ffe926d0000 - 0x00007ffe928c8000 	C:\Windows\SYSTEM32\ntdll.dll
0x00007ffe91bb0000 - 0x00007ffe91c6f000 	C:\Windows\System32\KERNEL32.DLL
0x00007ffe8fe80000 - 0x00007ffe90176000 	C:\Windows\System32\KERNELBASE.dll
0x00007ffe90630000 - 0x00007ffe90730000 	C:\Windows\System32\ucrtbase.dll
0x00007ffe5a410000 - 0x00007ffe5a429000 	C:\Program Files\Java\jdk-17\bin\jli.dll
0x00007ffe82180000 - 0x00007ffe8219b000 	C:\Program Files\Java\jdk-17\bin\VCRUNTIME140.dll
0x00007ffe921c0000 - 0x00007ffe9226f000 	C:\Windows\System32\ADVAPI32.dll
0x00007ffe91860000 - 0x00007ffe918fe000 	C:\Windows\System32\msvcrt.dll
0x00007ffe912f0000 - 0x00007ffe9138c000 	C:\Windows\System32\sechost.dll
0x00007ffe91390000 - 0x00007ffe914b6000 	C:\Windows\System32\RPCRT4.dll
0x00007ffe90e80000 - 0x00007ffe9101d000 	C:\Windows\System32\USER32.dll
0x00007ffe8fdb0000 - 0x00007ffe8fdd2000 	C:\Windows\System32\win32u.dll
0x00007ffe7ee30000 - 0x00007ffe7f0ca000 	C:\Windows\WinSxS\amd64_microsoft.windows.common-controls_6595b64144ccf1df_6.0.19041.1110_none_60b5254171f9507e\COMCTL32.dll
0x00007ffe91980000 - 0x00007ffe919ac000 	C:\Windows\System32\GDI32.dll
0x00007ffe90480000 - 0x00007ffe90595000 	C:\Windows\System32\gdi32full.dll
0x00007ffe8fde0000 - 0x00007ffe8fe7d000 	C:\Windows\System32\msvcp_win.dll
0x00007ffe86eb0000 - 0x00007ffe86eba000 	C:\Windows\SYSTEM32\VERSION.dll
0x00007ffe91b80000 - 0x00007ffe91bb0000 	C:\Windows\System32\IMM32.DLL
0x00007ffe64670000 - 0x00007ffe6467c000 	C:\Program Files\Java\jdk-17\bin\vcruntime140_1.dll
0x00007ffe4a5f0000 - 0x00007ffe4a67e000 	C:\Program Files\Java\jdk-17\bin\msvcp140.dll
0x00007ffe29930000 - 0x00007ffe2a50d000 	C:\Program Files\Java\jdk-17\bin\server\jvm.dll
0x00007ffe921b0000 - 0x00007ffe921b8000 	C:\Windows\System32\PSAPI.DLL
0x00007ffe868f0000 - 0x00007ffe868f9000 	C:\Windows\SYSTEM32\WSOCK32.dll
0x00007ffe83530000 - 0x00007ffe83557000 	C:\Windows\SYSTEM32\WINMM.dll
0x00007ffe915e0000 - 0x00007ffe9164b000 	C:\Windows\System32\WS2_32.dll
0x00007ffe8e600000 - 0x00007ffe8e612000 	C:\Windows\SYSTEM32\kernel.appcore.dll
0x00007ffe64630000 - 0x00007ffe6463a000 	C:\Program Files\Java\jdk-17\bin\jimage.dll
0x00007ffe8db60000 - 0x00007ffe8dd44000 	C:\Windows\SYSTEM32\DBGHELP.DLL
0x00007ffe85920000 - 0x00007ffe85954000 	C:\Windows\SYSTEM32\dbgcore.DLL
0x00007ffe905a0000 - 0x00007ffe90622000 	C:\Windows\System32\bcryptPrimitives.dll
0x00007ffe5a3c0000 - 0x00007ffe5a3ce000 	C:\Program Files\Java\jdk-17\bin\instrument.dll
0x00007ffe57200000 - 0x00007ffe57225000 	C:\Program Files\Java\jdk-17\bin\java.dll

dbghelp: loaded successfully - version: 4.0.5 - missing functions: none
symbol engine: initialized successfully - sym options: 0x614 - pdb path: .;C:\Program Files\Java\jdk-17\bin;C:\Windows\SYSTEM32;C:\Windows\WinSxS\amd64_microsoft.windows.common-controls_6595b64144ccf1df_6.0.19041.1110_none_60b5254171f9507e;C:\Program Files\Java\jdk-17\bin\server

VM Arguments:
jvm_args: -javaagent:C:\Program Files\JetBrains\IntelliJ IDEA Community Edition 2023.1.1\lib\idea_rt.jar=51994:C:\Program Files\JetBrains\IntelliJ IDEA Community Edition 2023.1.1\bin -Dfile.encoding=UTF-8 
java_command: main.MainClass
java_class_path (initial): C:\Users\Cristian\Documents\BaseDatos\out\production\BaseDatos;C:\Users\Cristian\Documents\Java\libraries\mysql-connector-j-8.0.33\mysql-connector-j-8.0.33.jar
Launcher Type: SUN_STANDARD

[Global flags]
     intx CICompilerCount                          = 4                                         {product} {ergonomic}
     uint ConcGCThreads                            = 2                                         {product} {ergonomic}
     uint G1ConcRefinementThreads                  = 8                                         {product} {ergonomic}
   size_t G1HeapRegionSize                         = 2097152                                   {product} {ergonomic}
    uintx GCDrainStackTargetSize                   = 64                                        {product} {ergonomic}
   size_t InitialHeapSize                          = 197132288                                 {product} {ergonomic}
   size_t MarkStackSize                            = 4194304                                   {product} {ergonomic}
   size_t MaxHeapSize                              = 3141533696                                {product} {ergonomic}
   size_t MinHeapDeltaBytes                        = 2097152                                   {product} {ergonomic}
   size_t MinHeapSize                              = 8388608                                   {product} {ergonomic}
    uintx NonNMethodCodeHeapSize                   = 5839372                                {pd product} {ergonomic}
    uintx NonProfiledCodeHeapSize                  = 122909434                              {pd product} {ergonomic}
    uintx ProfiledCodeHeapSize                     = 122909434                              {pd product} {ergonomic}
    uintx ReservedCodeCacheSize                    = 251658240                              {pd product} {ergonomic}
     bool SegmentedCodeCache                       = true                                      {product} {ergonomic}
   size_t SoftMaxHeapSize                          = 3141533696                             {manageable} {ergonomic}
     bool UseCompressedClassPointers               = true                           {product lp64_product} {ergonomic}
     bool UseCompressedOops                        = true                           {product lp64_product} {ergonomic}
     bool UseG1GC                                  = true                                      {product} {ergonomic}
     bool UseLargePagesIndividualAllocation        = false                                  {pd product} {ergonomic}

Logging:
Log output configuration:
 #0: stdout all=warning uptime,level,tags
 #1: stderr all=off uptime,level,tags

Environment Variables:
PATH=C:\Program Files (x86)\Common Files\Intel\Shared Libraries\redist\intel64\compiler;C:\Program Files\Common Files\Oracle\Java\javapath;C:\Windows\system32;C:\Windows;C:\Windows\System32\Wbem;C:\Windows\System32\WindowsPowerShell\v1.0\;C:\Windows\System32\OpenSSH\;C:\Program Files\Microsoft SQL Server\150\Tools\Binn\;C:\Program Files\Microsoft SQL Server\Client SDK\ODBC\170\Tools\Binn\;C:\Program Files\dotnet\;C:\Program Files\Git\cmd;C:\Users\Cristian\AppData\Local\Programs\Python\Python311\Scripts\;C:\Users\Cristian\AppData\Local\Programs\Python\Python311\;C:\Program Files\MySQL\MySQL Shell 8.0\bin\;C:\Users\Cristian\AppData\Local\Microsoft\WindowsApps;C:\Users\Cristian\AppData\Local\Programs\Microsoft VS Code\bin;C:\Users\Cristian\.dotnet\tools;C:\MinGW\bin;
USERNAME=Cristian
OS=Windows_NT
PROCESSOR_IDENTIFIER=Intel64 Family 6 Model 140 Stepping 1, GenuineIntel



---------------  S Y S T E M  ---------------

OS:
 Windows 10 , 64 bit Build 19041 (10.0.19041.2913)
OS uptime: 3 days 20:32 hours

CPU: total 8 (initial active 8) (4 cores per cpu, 2 threads per core) family 6 model 140 stepping 1 microcode 0x9a, cx8, cmov, fxsr, ht, mmx, 3dnowpref, sse, sse2, sse3, ssse3, sse4.1, sse4.2, popcnt, lzcnt, tsc, tscinvbit, avx, avx2, aes, erms, clmul, bmi1, bmi2, adx, avx512f, avx512dq, avx512cd, avx512bw, avx512vl, sha, fma, vzeroupper, avx512_vpopcntdq, avx512_vpclmulqdq, avx512_vaes, avx512_vnni, clflush, clflushopt, clwb, avx512_vbmi2, avx512_vbmi

Memory: 4k page, system-wide physical 11982M (1372M free)
TotalPageFile size 11982M (AvailPageFile size 36M)
current process WorkingSet (physical memory assigned to process): 10M, peak: 10M
current process commit charge ("private bytes"): 60M, peak: 248M

vm_info: Java HotSpot(TM) 64-Bit Server VM (17.0.7+8-LTS-224) for windows-amd64 JRE (17.0.7+8-LTS-224), built on Feb 28 2023 23:03:02 by "mach5one" with MS VC++ 17.1 (VS2022)

END.
